<?xml version="1.0" encoding="UTF-8"?>
<!-- Generated by org.testng.reporters.JUnitReportReporter -->
<testsuite hostname="ANIL" failures="0" tests="1" name="todo_test.C04_DeleteTodo" time="0.518" errors="0" timestamp="2024-04-26T16:58:19 TRT" skipped="0">
  <testcase classname="todo_test.C04_DeleteTodo" name="postRequestTest" time="0.518"/>
</testsuite> <!-- todo_test.C04_DeleteTodo -->
