<?xml version="1.0" encoding="UTF-8"?>
<!-- Generated by org.testng.reporters.JUnitReportReporter -->
<testsuite hostname="ANIL" failures="0" tests="1" name="todo_test.C03_UpdateTodo" time="0.538" errors="0" timestamp="2024-04-26T16:58:19 TRT" skipped="0">
  <testcase classname="todo_test.C03_UpdateTodo" name="postRequestTest" time="0.538"/>
</testsuite> <!-- todo_test.C03_UpdateTodo -->
